Using pre-set license
Built from '2021.3/staging' branch; Version is '2021.3.10f1 (1c7d0df0160b) revision 1867021'; Using compiler version '192829333'; Build Type 'Release'
OS: 'Windows 10  (10.0.19045) 64bit Professional' Language: 'ko' Physical Memory: 8146 MB
BatchMode: 1, IsHumanControllingUs: 0, StartBugReporterOnCrash: 0, Is64bit: 1, IsPro: 1

COMMAND LINE ARGUMENTS:
C:\Program Files\Unity\Hub\Editor\2021.3.10f1\Editor\Unity.exe
-adb2
-batchMode
-noUpm
-name
AssetImportWorker0
-projectPath
C:/Users/SAMSUNG/Desktop/bullet
-logFile
Logs/AssetImportWorker0.log
-srvPort
53850
Successfully changed project path to: C:/Users/SAMSUNG/Desktop/bullet
C:/Users/SAMSUNG/Desktop/bullet
[UnityMemory] Configuration Parameters - Can be set up in boot.config
    "memorysetup-bucket-allocator-granularity=16"
    "memorysetup-bucket-allocator-bucket-count=8"
    "memorysetup-bucket-allocator-block-size=33554432"
    "memorysetup-bucket-allocator-block-count=8"
    "memorysetup-main-allocator-block-size=16777216"
    "memorysetup-thread-allocator-block-size=16777216"
    "memorysetup-gfx-main-allocator-block-size=16777216"
    "memorysetup-gfx-thread-allocator-block-size=16777216"
    "memorysetup-cache-allocator-block-size=4194304"
    "memorysetup-typetree-allocator-block-size=2097152"
    "memorysetup-profiler-bucket-allocator-granularity=16"
    "memorysetup-profiler-bucket-allocator-bucket-count=8"
    "memorysetup-profiler-bucket-allocator-block-size=33554432"
    "memorysetup-profiler-bucket-allocator-block-count=8"
    "memorysetup-profiler-allocator-block-size=16777216"
    "memorysetup-profiler-editor-allocator-block-size=1048576"
    "memorysetup-temp-allocator-size-main=16777216"
    "memorysetup-job-temp-allocator-block-size=2097152"
    "memorysetup-job-temp-allocator-block-size-background=1048576"
    "memorysetup-job-temp-allocator-reduction-small-platforms=262144"
    "memorysetup-temp-allocator-size-background-worker=32768"
    "memorysetup-temp-allocator-size-job-worker=262144"
    "memorysetup-temp-allocator-size-preload-manager=33554432"
    "memorysetup-temp-allocator-size-nav-mesh-worker=65536"
    "memorysetup-temp-allocator-size-audio-worker=65536"
    "memorysetup-temp-allocator-size-cloud-worker=32768"
    "memorysetup-temp-allocator-size-gi-baking-worker=262144"
    "memorysetup-temp-allocator-size-gfx=262144"
Refreshing native plugins compatible for Editor in 97.64 ms, found 3 plugins.
Preloading 0 native plugins for Editor in 0.00 ms.
Initialize engine version: 2021.3.10f1 (1c7d0df0160b)
[Subsystems] Discovering subsystems at path C:/Program Files/Unity/Hub/Editor/2021.3.10f1/Editor/Data/Resources/UnitySubsystems
[Subsystems] Discovering subsystems at path C:/Users/SAMSUNG/Desktop/bullet/Assets
GfxDevice: creating device client; threaded=0; jobified=0
Direct3D:
    Version:  Direct3D 11.0 [level 11.1]
    Renderer: NVIDIA GeForce GTX 1050 (ID=0x1c81)
    Vendor:   NVIDIA
    VRAM:     1977 MB
    Driver:   31.0.15.1694
Initialize mono
Mono path[0] = 'C:/Program Files/Unity/Hub/Editor/2021.3.10f1/Editor/Data/Managed'
Mono path[1] = 'C:/Program Files/Unity/Hub/Editor/2021.3.10f1/Editor/Data/MonoBleedingEdge/lib/mono/unityjit-win32'
Mono config path = 'C:/Program Files/Unity/Hub/Editor/2021.3.10f1/Editor/Data/MonoBleedingEdge/etc'
Using monoOptions --debugger-agent=transport=dt_socket,embedding=1,server=y,suspend=n,address=127.0.0.1:56780
Begin MonoManager ReloadAssembly
Registering precompiled unity dll's ...
Register platform support module: C:/Program Files/Unity/Hub/Editor/2021.3.10f1/Editor/Data/PlaybackEngines/WindowsStandaloneSupport/UnityEditor.WindowsStandalone.Extensions.dll
Registered in 0.007456 seconds.
Native extension for WindowsStandalone target not found
Refreshing native plugins compatible for Editor in 100.84 ms, found 3 plugins.
Preloading 0 native plugins for Editor in 0.00 ms.
Mono: successfully reloaded assembly
- Completed reload, in  0.802 seconds
Domain Reload Profiling:
	ReloadAssembly (802ms)
		BeginReloadAssembly (95ms)
			ExecutionOrderSort (0ms)
			DisableScriptedObjects (0ms)
			BackupInstance (0ms)
			ReleaseScriptingObjects (0ms)
			CreateAndSetChildDomain (1ms)
		EndReloadAssembly (575ms)
			LoadAssemblies (93ms)
			RebuildTransferFunctionScriptingTraits (0ms)
			SetupTypeCache (159ms)
			ReleaseScriptCaches (0ms)
			RebuildScriptCaches (35ms)
			SetupLoadedEditorAssemblies (309ms)
				LogAssemblyErrors (0ms)
				InitializePlatformSupportModulesInManaged (9ms)
				SetLoadedEditorAssemblies (0ms)
				RefreshPlugins (101ms)
				BeforeProcessingInitializeOnLoad (2ms)
				ProcessInitializeOnLoadAttributes (143ms)
				ProcessInitializeOnLoadMethodAttributes (54ms)
				AfterProcessingInitializeOnLoad (0ms)
				EditorAssembliesLoaded (0ms)
			ExecutionOrderSort2 (0ms)
			AwakeInstancesAfterBackupRestoration (0ms)
Platform modules already initialized, skipping
Registering precompiled user dll's ...
Registered in 0.007507 seconds.
Begin MonoManager ReloadAssembly
Symbol file LoadedFromMemory doesn't match image C:\Users\SAMSUNG\Desktop\bullet\Library\PackageCache\com.unity.visualscripting@1.7.8\Editor\VisualScripting.Core\Dependencies\YamlDotNet\Unity.VisualScripting.YamlDotNet.dll
Symbol file LoadedFromMemory doesn't match image C:\Users\SAMSUNG\Desktop\bullet\Library\PackageCache\com.unity.visualscripting@1.7.8\Editor\VisualScripting.Core\Dependencies\DotNetZip\Unity.VisualScripting.IonicZip.dll
Native extension for WindowsStandalone target not found
Refreshing native plugins compatible for Editor in 0.55 ms, found 3 plugins.
Preloading 0 native plugins for Editor in 0.00 ms.
Mono: successfully reloaded assembly
- Completed reload, in  1.455 seconds
Domain Reload Profiling:
	ReloadAssembly (1456ms)
		BeginReloadAssembly (148ms)
			ExecutionOrderSort (0ms)
			DisableScriptedObjects (6ms)
			BackupInstance (0ms)
			ReleaseScriptingObjects (0ms)
			CreateAndSetChildDomain (22ms)
		EndReloadAssembly (964ms)
			LoadAssemblies (122ms)
			RebuildTransferFunctionScriptingTraits (0ms)
			SetupTypeCache (326ms)
			ReleaseScriptCaches (1ms)
			RebuildScriptCaches (57ms)
			SetupLoadedEditorAssemblies (436ms)
				LogAssemblyErrors (0ms)
				InitializePlatformSupportModulesInManaged (6ms)
				SetLoadedEditorAssemblies (0ms)
				RefreshPlugins (1ms)
				BeforeProcessingInitializeOnLoad (108ms)
				ProcessInitializeOnLoadAttributes (279ms)
				ProcessInitializeOnLoadMethodAttributes (33ms)
				AfterProcessingInitializeOnLoad (8ms)
				EditorAssembliesLoaded (0ms)
			ExecutionOrderSort2 (0ms)
			AwakeInstancesAfterBackupRestoration (8ms)
Platform modules already initialized, skipping
========================================================================
Worker process is ready to serve import requests
Launched and connected shader compiler UnityShaderCompiler.exe after 0.11 seconds
Refreshing native plugins compatible for Editor in 0.61 ms, found 3 plugins.
Preloading 0 native plugins for Editor in 0.00 ms.
Unloading 3381 Unused Serialized files (Serialized files now loaded: 0)
Unloading 27 unused Assets / (113.7 KB). Loaded Objects now: 3839.
Memory consumption went from 121.4 MB to 121.3 MB.
Total: 8.772100 ms (FindLiveObjects: 0.314600 ms CreateObjectMapping: 1.552600 ms MarkObjects: 6.508100 ms  DeleteObjects: 0.395400 ms)

AssetImportParameters requested are different than current active one (requested -> active):
  custom:video-decoder-ogg-theora: a1e56fd34408186e4bbccfd4996cb3dc -> 
  custom:container-muxer-webm: aa71ff27fc2769a1b78a27578f13a17b -> 
  custom:container-demuxer-webm: 4f35f7cbe854078d1ac9338744f61a02 -> 
  custom:video-encoder-webm-vp8: eb34c28f22e8b96e1ab97ce403110664 -> 
  custom:audio-encoder-webm-vorbis: bf7c407c2cedff20999df2af8eb42d56 -> 
  custom:framework-win-MediaFoundation: 216162199b28c13a410421893ffa2e32 -> 
  custom:container-demuxer-ogg: 62fdf1f143b41e24485cea50d1cbac27 -> 
  custom:video-decoder-webm-vp8: 9c59270c3fd7afecdb556c50c9e8de78 -> 
  custom:audio-decoder-ogg-vorbis: bf7c407c2cedff20999df2af8eb42d56 -> 
========================================================================
Received Import Request.
  Time since last request: 99007.349750 seconds.
  path: Assets/ModernGunEffects/wastelandEffects.unity
  artifactKey: Guid(d47ca4769544d9f4496816c77c15b258) Importer(815301076,1909f56bfc062723c751e8b465ee728b)
Start importing Assets/ModernGunEffects/wastelandEffects.unity using Guid(d47ca4769544d9f4496816c77c15b258) Importer(815301076,1909f56bfc062723c751e8b465ee728b)  -> (artifact id: 'e117420f57d8322e9d1c3a7ede89db7d') in 0.014824 seconds 
========================================================================
Received Prepare
Registering precompiled user dll's ...
Registered in 0.007510 seconds.
Begin MonoManager ReloadAssembly
Symbol file LoadedFromMemory doesn't match image C:\Users\SAMSUNG\Desktop\bullet\Library\PackageCache\com.unity.visualscripting@1.7.8\Editor\VisualScripting.Core\Dependencies\YamlDotNet\Unity.VisualScripting.YamlDotNet.dll
Symbol file LoadedFromMemory doesn't match image C:\Users\SAMSUNG\Desktop\bullet\Library\PackageCache\com.unity.visualscripting@1.7.8\Editor\VisualScripting.Core\Dependencies\DotNetZip\Unity.VisualScripting.IonicZip.dll
Native extension for WindowsStandalone target not found
Refreshing native plugins compatible for Editor in 0.82 ms, found 3 plugins.
Preloading 0 native plugins for Editor in 0.00 ms.
Mono: successfully reloaded assembly
- Completed reload, in  1.771 seconds
Domain Reload Profiling:
	ReloadAssembly (1772ms)
		BeginReloadAssembly (160ms)
			ExecutionOrderSort (0ms)
			DisableScriptedObjects (6ms)
			BackupInstance (0ms)
			ReleaseScriptingObjects (0ms)
			CreateAndSetChildDomain (39ms)
		EndReloadAssembly (1481ms)
			LoadAssemblies (107ms)
			RebuildTransferFunctionScriptingTraits (0ms)
			SetupTypeCache (511ms)
			ReleaseScriptCaches (5ms)
			RebuildScriptCaches (73ms)
			SetupLoadedEditorAssemblies (674ms)
				LogAssemblyErrors (0ms)
				InitializePlatformSupportModulesInManaged (27ms)
				SetLoadedEditorAssemblies (1ms)
				RefreshPlugins (1ms)
				BeforeProcessingInitializeOnLoad (164ms)
				ProcessInitializeOnLoadAttributes (407ms)
				ProcessInitializeOnLoadMethodAttributes (61ms)
				AfterProcessingInitializeOnLoad (12ms)
				EditorAssembliesLoaded (0ms)
			ExecutionOrderSort2 (0ms)
			AwakeInstancesAfterBackupRestoration (14ms)
Platform modules already initialized, skipping
Refreshing native plugins compatible for Editor in 2.81 ms, found 3 plugins.
Preloading 0 native plugins for Editor in 0.00 ms.
Unloading 3375 Unused Serialized files (Serialized files now loaded: 0)
Unloading 20 unused Assets / (80.1 KB). Loaded Objects now: 3842.
Memory consumption went from 121.2 MB to 121.1 MB.
Total: 3.801500 ms (FindLiveObjects: 0.311300 ms CreateObjectMapping: 0.188600 ms MarkObjects: 3.171200 ms  DeleteObjects: 0.129200 ms)

AssetImportParameters requested are different than current active one (requested -> active):
  custom:video-decoder-ogg-theora: a1e56fd34408186e4bbccfd4996cb3dc -> 
  custom:container-muxer-webm: aa71ff27fc2769a1b78a27578f13a17b -> 
  custom:container-demuxer-webm: 4f35f7cbe854078d1ac9338744f61a02 -> 
  custom:video-encoder-webm-vp8: eb34c28f22e8b96e1ab97ce403110664 -> 
  custom:audio-encoder-webm-vorbis: bf7c407c2cedff20999df2af8eb42d56 -> 
  custom:framework-win-MediaFoundation: 216162199b28c13a410421893ffa2e32 -> 
  custom:container-demuxer-ogg: 62fdf1f143b41e24485cea50d1cbac27 -> 
  custom:video-decoder-webm-vp8: 9c59270c3fd7afecdb556c50c9e8de78 -> 
  custom:audio-decoder-ogg-vorbis: bf7c407c2cedff20999df2af8eb42d56 -> 
========================================================================
Received Import Request.
  Time since last request: 14.353709 seconds.
  path: Assets/ModernGunEffects/Models
  artifactKey: Guid(29050e38ad4e21845b820e649bcc28cb) Importer(815301076,1909f56bfc062723c751e8b465ee728b)
Start importing Assets/ModernGunEffects/Models using Guid(29050e38ad4e21845b820e649bcc28cb) Importer(815301076,1909f56bfc062723c751e8b465ee728b)  -> (artifact id: '58df3834de6a54358cded16bdf443c43') in 0.017171 seconds 
========================================================================
Received Import Request.
  Time since last request: 0.059408 seconds.
  path: Assets/ModernGunEffects/Models/bulletShellNormal.tga
  artifactKey: Guid(3252651327e41514e80d0ac6dfec7551) Importer(815301076,1909f56bfc062723c751e8b465ee728b)
Start importing Assets/ModernGunEffects/Models/bulletShellNormal.tga using Guid(3252651327e41514e80d0ac6dfec7551) Importer(815301076,1909f56bfc062723c751e8b465ee728b)  -> (artifact id: 'd3fe5a0e0d57d09b3b267a4e1c39b09b') in 0.203253 seconds 
========================================================================
Received Import Request.
  Time since last request: 0.000045 seconds.
  path: Assets/ModernGunEffects/Models/ShotgunBulletShell.tga
  artifactKey: Guid(768301527d7635b4f942bb255038dcd4) Importer(815301076,1909f56bfc062723c751e8b465ee728b)
Start importing Assets/ModernGunEffects/Models/ShotgunBulletShell.tga using Guid(768301527d7635b4f942bb255038dcd4) Importer(815301076,1909f56bfc062723c751e8b465ee728b)  -> (artifact id: 'ea4e911a5202e96b312c8b50e7afd629') in 0.029556 seconds 
========================================================================
Received Import Request.
  Time since last request: 0.000055 seconds.
  path: Assets/ModernGunEffects/Models/shotgunCartridge.FBX
  artifactKey: Guid(64c143c09c6a6fd4aa34dacbd71febeb) Importer(815301076,1909f56bfc062723c751e8b465ee728b)
Start importing Assets/ModernGunEffects/Models/shotgunCartridge.FBX using Guid(64c143c09c6a6fd4aa34dacbd71febeb) Importer(815301076,1909f56bfc062723c751e8b465ee728b)  -> (artifact id: 'c06fa04f2995da77a9fcabb0374384bf') in 0.619477 seconds 
========================================================================
Received Import Request.
  Time since last request: 0.000032 seconds.
  path: Assets/ModernGunEffects/Models/rocket.FBX
  artifactKey: Guid(a1da9f8efc445dd47a97bc9dc9969f41) Importer(815301076,1909f56bfc062723c751e8b465ee728b)
Start importing Assets/ModernGunEffects/Models/rocket.FBX using Guid(a1da9f8efc445dd47a97bc9dc9969f41) Importer(815301076,1909f56bfc062723c751e8b465ee728b)  -> (artifact id: '1450f4e0ec9e76bc9106a72df37280a2') in 0.468291 seconds 
========================================================================
Received Import Request.
  Time since last request: 0.000035 seconds.
  path: Assets/ModernGunEffects/Models/MGcartridge.FBX
  artifactKey: Guid(34a759a96e3d4bb44af22ddf113393e4) Importer(815301076,1909f56bfc062723c751e8b465ee728b)
Start importing Assets/ModernGunEffects/Models/MGcartridge.FBX using Guid(34a759a96e3d4bb44af22ddf113393e4) Importer(815301076,1909f56bfc062723c751e8b465ee728b)  -> (artifact id: '88d7d31f2d30693e2d6601be9c1f8bed') in 0.027326 seconds 
========================================================================
Received Import Request.
  Time since last request: 0.000033 seconds.
  path: Assets/ModernGunEffects/Models/tower.FBX
  artifactKey: Guid(d529097f182f670408b9e447ed6cf5cd) Importer(815301076,1909f56bfc062723c751e8b465ee728b)
Start importing Assets/ModernGunEffects/Models/tower.FBX using Guid(d529097f182f670408b9e447ed6cf5cd) Importer(815301076,1909f56bfc062723c751e8b465ee728b)  -> (artifact id: 'ef4efb11a2eeee1c4afb8970d59c7ea3') in 0.054659 seconds 
========================================================================
Received Import Request.
  Time since last request: 0.000064 seconds.
  path: Assets/ModernGunEffects/Models/S_ScaleFigure.FBX
  artifactKey: Guid(8cefc0a1c274c4f44895e69ae3a06bd8) Importer(815301076,1909f56bfc062723c751e8b465ee728b)
Start importing Assets/ModernGunEffects/Models/S_ScaleFigure.FBX using Guid(8cefc0a1c274c4f44895e69ae3a06bd8) Importer(815301076,1909f56bfc062723c751e8b465ee728b)  -> (artifact id: 'd617253761310171547075314d7f8f09') in 0.037948 seconds 
========================================================================
Received Import Request.
  Time since last request: 0.000041 seconds.
  path: Assets/ModernGunEffects/Models/pistolCartridge.FBX
  artifactKey: Guid(8c26c17fe3e5b364393cb7ae6a425e76) Importer(815301076,1909f56bfc062723c751e8b465ee728b)
Start importing Assets/ModernGunEffects/Models/pistolCartridge.FBX using Guid(8c26c17fe3e5b364393cb7ae6a425e76) Importer(815301076,1909f56bfc062723c751e8b465ee728b)  -> (artifact id: '3b30a831194ce1b7eb1fb5c9bbf08ea9') in 0.037393 seconds 
========================================================================
Received Import Request.
  Time since last request: 0.000025 seconds.
  path: Assets/ModernGunEffects/Models/singlePlane.FBX
  artifactKey: Guid(7559b5c7742efda41af80e34ab314ecd) Importer(815301076,1909f56bfc062723c751e8b465ee728b)
Start importing Assets/ModernGunEffects/Models/singlePlane.FBX using Guid(7559b5c7742efda41af80e34ab314ecd) Importer(815301076,1909f56bfc062723c751e8b465ee728b)  -> (artifact id: '27e0fa37cefd66a69d10061c96729ff8') in 0.032668 seconds 
========================================================================
Received Import Request.
  Time since last request: 0.000044 seconds.
  path: Assets/ModernGunEffects/Models/machineGunBullet.tga
  artifactKey: Guid(a088665db3ba8e345b09d86923309c66) Importer(815301076,1909f56bfc062723c751e8b465ee728b)
Start importing Assets/ModernGunEffects/Models/machineGunBullet.tga using Guid(a088665db3ba8e345b09d86923309c66) Importer(815301076,1909f56bfc062723c751e8b465ee728b)  -> (artifact id: '58561c799261843110afe19907a800c7') in 0.038926 seconds 
========================================================================
Received Import Request.
  Time since last request: 0.000061 seconds.
  path: Assets/ModernGunEffects/Models/pistolBulletShell.tga
  artifactKey: Guid(3669371a229a44641ad30ce04858f8a0) Importer(815301076,1909f56bfc062723c751e8b465ee728b)
Start importing Assets/ModernGunEffects/Models/pistolBulletShell.tga using Guid(3669371a229a44641ad30ce04858f8a0) Importer(815301076,1909f56bfc062723c751e8b465ee728b)  -> (artifact id: 'dd52816662f035fe15c24d33df622dc1') in 0.031419 seconds 
========================================================================
Received Import Request.
  Time since last request: 0.000023 seconds.
  path: Assets/ModernGunEffects/Models/rocket.png
  artifactKey: Guid(fc497f39474a5e648bc261335f198ed7) Importer(815301076,1909f56bfc062723c751e8b465ee728b)
Start importing Assets/ModernGunEffects/Models/rocket.png using Guid(fc497f39474a5e648bc261335f198ed7) Importer(815301076,1909f56bfc062723c751e8b465ee728b)  -> (artifact id: '67423dbedf8b2279bc72d0b87f0c135e') in 0.047364 seconds 
========================================================================
Received Import Request.
  Time since last request: 6.299822 seconds.
  path: Assets/ModernGunEffects/Effects/BulletLines
  artifactKey: Guid(008b2313ba4242b44b012c0512913734) Importer(815301076,1909f56bfc062723c751e8b465ee728b)
Start importing Assets/ModernGunEffects/Effects/BulletLines using Guid(008b2313ba4242b44b012c0512913734) Importer(815301076,1909f56bfc062723c751e8b465ee728b)  -> (artifact id: '086bef201d27cc0ad5d40687fc94d598') in 0.011637 seconds 
========================================================================
Received Import Request.
  Time since last request: 2.549921 seconds.
  path: Assets/ModernGunEffects/Effects/MuzzleFire
  artifactKey: Guid(301c85702d2f3024eb973b880e3b3572) Importer(815301076,1909f56bfc062723c751e8b465ee728b)
Start importing Assets/ModernGunEffects/Effects/MuzzleFire using Guid(301c85702d2f3024eb973b880e3b3572) Importer(815301076,1909f56bfc062723c751e8b465ee728b)  -> (artifact id: '07b1841a9ddb1c879575dc12dc0be512') in 0.010879 seconds 
========================================================================
Received Import Request.
  Time since last request: 1.301871 seconds.
  path: Assets/ModernGunEffects/Effects/MuzzleFire/Auto
  artifactKey: Guid(a0694320e1f67424c9a32acd41be5b5e) Importer(815301076,1909f56bfc062723c751e8b465ee728b)
Start importing Assets/ModernGunEffects/Effects/MuzzleFire/Auto using Guid(a0694320e1f67424c9a32acd41be5b5e) Importer(815301076,1909f56bfc062723c751e8b465ee728b)  -> (artifact id: '93dc243c753fcc02344b2eb0a9dcac87') in 0.015740 seconds 
========================================================================
Received Import Request.
  Time since last request: 0.061741 seconds.
  path: Assets/ModernGunEffects/Effects/MuzzleFire/Auto/machinegunAutoMuzzleFire_v1.prefab
  artifactKey: Guid(c51405f0ae5da1745a111ad6383f2648) Importer(815301076,1909f56bfc062723c751e8b465ee728b)
Start importing Assets/ModernGunEffects/Effects/MuzzleFire/Auto/machinegunAutoMuzzleFire_v1.prefab using Guid(c51405f0ae5da1745a111ad6383f2648) Importer(815301076,1909f56bfc062723c751e8b465ee728b)  -> (artifact id: '1564fbc8ec98fbae53e1edd8db99adc7') in 0.091434 seconds 
========================================================================
Received Import Request.
  Time since last request: 0.000029 seconds.
  path: Assets/ModernGunEffects/Effects/MuzzleFire/Auto/SMGAutoMuzzleFire.prefab
  artifactKey: Guid(bc578488b529d3743a85f9471c81d788) Importer(815301076,1909f56bfc062723c751e8b465ee728b)
Start importing Assets/ModernGunEffects/Effects/MuzzleFire/Auto/SMGAutoMuzzleFire.prefab using Guid(bc578488b529d3743a85f9471c81d788) Importer(815301076,1909f56bfc062723c751e8b465ee728b)  -> (artifact id: 'a302faf6a938e9d3062181ffedbb397c') in 0.044200 seconds 
========================================================================
Received Import Request.
  Time since last request: 0.000030 seconds.
  path: Assets/ModernGunEffects/Effects/MuzzleFire/Auto/SideAutoMuzzleFire.prefab
  artifactKey: Guid(943c5733cebaf234992fa569efc9978d) Importer(815301076,1909f56bfc062723c751e8b465ee728b)
Start importing Assets/ModernGunEffects/Effects/MuzzleFire/Auto/SideAutoMuzzleFire.prefab using Guid(943c5733cebaf234992fa569efc9978d) Importer(815301076,1909f56bfc062723c751e8b465ee728b)  -> (artifact id: '4c0ec670caff083c4a4f0ada40beec2c') in 0.095385 seconds 
========================================================================
Received Import Request.
  Time since last request: 7.620123 seconds.
  path: Assets/ModernGunEffects/Effects/BulletLines/baseLineEffect.prefab
  artifactKey: Guid(85cf656730feba94ca8899d4bc2d5a7f) Importer(815301076,1909f56bfc062723c751e8b465ee728b)
Start importing Assets/ModernGunEffects/Effects/BulletLines/baseLineEffect.prefab using Guid(85cf656730feba94ca8899d4bc2d5a7f) Importer(815301076,1909f56bfc062723c751e8b465ee728b)  -> (artifact id: 'e5f22e1dd6538de4e0108c04670053dd') in 0.040328 seconds 
========================================================================
Received Import Request.
  Time since last request: 0.000032 seconds.
  path: Assets/ModernGunEffects/Effects/BulletLines/sniperBullet.prefab
  artifactKey: Guid(ac3ed893e6d0aac40b13d4148354bca4) Importer(815301076,1909f56bfc062723c751e8b465ee728b)
Start importing Assets/ModernGunEffects/Effects/BulletLines/sniperBullet.prefab using Guid(ac3ed893e6d0aac40b13d4148354bca4) Importer(815301076,1909f56bfc062723c751e8b465ee728b)  -> (artifact id: '6e9611c280ed5fddd58ccb62c22d9032') in 0.033921 seconds 
========================================================================
Received Import Request.
  Time since last request: 30.923682 seconds.
  path: Assets/ModernGunEffects/Effects/CartridgesEffects/MGcartridge.prefab
  artifactKey: Guid(4b7d2b66369cebe40af7f73bc1759e57) Importer(815301076,1909f56bfc062723c751e8b465ee728b)
Start importing Assets/ModernGunEffects/Effects/CartridgesEffects/MGcartridge.prefab using Guid(4b7d2b66369cebe40af7f73bc1759e57) Importer(815301076,1909f56bfc062723c751e8b465ee728b)  -> (artifact id: '5104ef2b2edeebbd102e469495a1e8ec') in 0.029085 seconds 
========================================================================
Received Import Request.
  Time since last request: 0.000027 seconds.
  path: Assets/ModernGunEffects/Effects/CartridgesEffects/shotgunCartridge.prefab
  artifactKey: Guid(ef9195d478879f349bdb6a6bc949f77b) Importer(815301076,1909f56bfc062723c751e8b465ee728b)
Start importing Assets/ModernGunEffects/Effects/CartridgesEffects/shotgunCartridge.prefab using Guid(ef9195d478879f349bdb6a6bc949f77b) Importer(815301076,1909f56bfc062723c751e8b465ee728b)  -> (artifact id: 'ed6b02ec2d99d3fded250f25947f761a') in 0.021552 seconds 
========================================================================
Received Import Request.
  Time since last request: 0.000033 seconds.
  path: Assets/ModernGunEffects/Effects/CartridgesEffects/pistolCartridge.prefab
  artifactKey: Guid(08e2b511ce0aa704daacb1040c81b8fc) Importer(815301076,1909f56bfc062723c751e8b465ee728b)
Start importing Assets/ModernGunEffects/Effects/CartridgesEffects/pistolCartridge.prefab using Guid(08e2b511ce0aa704daacb1040c81b8fc) Importer(815301076,1909f56bfc062723c751e8b465ee728b)  -> (artifact id: 'd5ce44636c5dacaadb4a8527baed3ae6') in 0.020285 seconds 
========================================================================
Received Import Request.
  Time since last request: 4.116593 seconds.
  path: Assets/ModernGunEffects/Effects/Impacts/Multi
  artifactKey: Guid(ec0abff7abf32d6459e73e9d650a1e98) Importer(815301076,1909f56bfc062723c751e8b465ee728b)
Start importing Assets/ModernGunEffects/Effects/Impacts/Multi using Guid(ec0abff7abf32d6459e73e9d650a1e98) Importer(815301076,1909f56bfc062723c751e8b465ee728b)  -> (artifact id: 'a1120b858b2088095b0ce4f61b70f353') in 0.009221 seconds 
========================================================================
Received Import Request.
  Time since last request: 0.051700 seconds.
  path: Assets/ModernGunEffects/Effects/Impacts/Multi/tripleConcreteImpact.prefab
  artifactKey: Guid(68416608cd1fdba489e7068c2f0e9207) Importer(815301076,1909f56bfc062723c751e8b465ee728b)
Start importing Assets/ModernGunEffects/Effects/Impacts/Multi/tripleConcreteImpact.prefab using Guid(68416608cd1fdba489e7068c2f0e9207) Importer(815301076,1909f56bfc062723c751e8b465ee728b)  -> (artifact id: '6408b79df45f70282c0f06df425d231d') in 0.018820 seconds 
========================================================================
Received Import Request.
  Time since last request: 0.000038 seconds.
  path: Assets/ModernGunEffects/Effects/Impacts/Multi/tripleGroundImpact.prefab
  artifactKey: Guid(d8c440797e23d53449a0a12e78f9e23e) Importer(815301076,1909f56bfc062723c751e8b465ee728b)
Start importing Assets/ModernGunEffects/Effects/Impacts/Multi/tripleGroundImpact.prefab using Guid(d8c440797e23d53449a0a12e78f9e23e) Importer(815301076,1909f56bfc062723c751e8b465ee728b)  -> (artifact id: '4ef34e1e65b81a8ccb729acc458391c6') in 0.016222 seconds 
========================================================================
Received Import Request.
  Time since last request: 0.000039 seconds.
  path: Assets/ModernGunEffects/Effects/Impacts/Multi/tripleMetalImpact.prefab
  artifactKey: Guid(7aaf29ede0f2342458f85660ced3e4b9) Importer(815301076,1909f56bfc062723c751e8b465ee728b)
Start importing Assets/ModernGunEffects/Effects/Impacts/Multi/tripleMetalImpact.prefab using Guid(7aaf29ede0f2342458f85660ced3e4b9) Importer(815301076,1909f56bfc062723c751e8b465ee728b)  -> (artifact id: '3911d132cc2a5d13d0e53b67602801d3') in 0.016161 seconds 
========================================================================
Received Import Request.
  Time since last request: 0.000066 seconds.
  path: Assets/ModernGunEffects/Effects/Impacts/Multi/tripleWoodImpact.prefab
  artifactKey: Guid(dcaf516e32030d348a2d7fae1b490afb) Importer(815301076,1909f56bfc062723c751e8b465ee728b)
Start importing Assets/ModernGunEffects/Effects/Impacts/Multi/tripleWoodImpact.prefab using Guid(dcaf516e32030d348a2d7fae1b490afb) Importer(815301076,1909f56bfc062723c751e8b465ee728b)  -> (artifact id: '9abc0dcb21cc63e3dbfdf6cc24894468') in 0.018623 seconds 
========================================================================
Received Import Request.
  Time since last request: 6.835223 seconds.
  path: Assets/ModernGunEffects/Effects/Impacts/Single/concreteImpact.prefab
  artifactKey: Guid(4124bcd25ead6874eb9c83ebc2b1586b) Importer(815301076,1909f56bfc062723c751e8b465ee728b)
Start importing Assets/ModernGunEffects/Effects/Impacts/Single/concreteImpact.prefab using Guid(4124bcd25ead6874eb9c83ebc2b1586b) Importer(815301076,1909f56bfc062723c751e8b465ee728b)  -> (artifact id: 'f09b9653bd60719a615bda60546477be') in 0.092963 seconds 
========================================================================
Received Import Request.
  Time since last request: 0.000045 seconds.
  path: Assets/ModernGunEffects/Effects/Impacts/Single/woodImpact.prefab
  artifactKey: Guid(3a46e13d0a80774488ee04bd42f08c14) Importer(815301076,1909f56bfc062723c751e8b465ee728b)
Start importing Assets/ModernGunEffects/Effects/Impacts/Single/woodImpact.prefab using Guid(3a46e13d0a80774488ee04bd42f08c14) Importer(815301076,1909f56bfc062723c751e8b465ee728b)  -> (artifact id: 'b83e5f6f9693aeaeb07b370acc2160e6') in 0.040340 seconds 
========================================================================
Received Import Request.
  Time since last request: 0.000061 seconds.
  path: Assets/ModernGunEffects/Effects/Impacts/Single/metalImpact.prefab
  artifactKey: Guid(79e5c2720bfff514abf9939e110c701d) Importer(815301076,1909f56bfc062723c751e8b465ee728b)
Start importing Assets/ModernGunEffects/Effects/Impacts/Single/metalImpact.prefab using Guid(79e5c2720bfff514abf9939e110c701d) Importer(815301076,1909f56bfc062723c751e8b465ee728b)  -> (artifact id: '7e11070174b415de2f1324deb9c2f714') in 0.090677 seconds 
========================================================================
Received Import Request.
  Time since last request: 0.000028 seconds.
  path: Assets/ModernGunEffects/Effects/Impacts/Single/groundImpact.prefab
  artifactKey: Guid(b69189a730299704681c21e6ffff2451) Importer(815301076,1909f56bfc062723c751e8b465ee728b)
Start importing Assets/ModernGunEffects/Effects/Impacts/Single/groundImpact.prefab using Guid(b69189a730299704681c21e6ffff2451) Importer(815301076,1909f56bfc062723c751e8b465ee728b)  -> (artifact id: '8f974186b6655c131d07bf75c97280b8') in 0.037100 seconds 
========================================================================
Received Import Request.
  Time since last request: 1.661760 seconds.
  path: Assets/ModernGunEffects/EffectMaterials/flash.mat
  artifactKey: Guid(89703cb4ca6f87943acb1ac33492f2cf) Importer(815301076,1909f56bfc062723c751e8b465ee728b)
Start importing Assets/ModernGunEffects/EffectMaterials/flash.mat using Guid(89703cb4ca6f87943acb1ac33492f2cf) Importer(815301076,1909f56bfc062723c751e8b465ee728b)  -> (artifact id: '9bff0dcf230cd872c7174ccb35510678') in 0.061492 seconds 
========================================================================
Received Import Request.
  Time since last request: 24.882577 seconds.
  path: Assets/ModernGunEffects/Effects/Misc/Explosion.prefab
  artifactKey: Guid(2126395fd1f8b3845bb0e820a32dcb66) Importer(815301076,1909f56bfc062723c751e8b465ee728b)
Start importing Assets/ModernGunEffects/Effects/Misc/Explosion.prefab using Guid(2126395fd1f8b3845bb0e820a32dcb66) Importer(815301076,1909f56bfc062723c751e8b465ee728b)  -> (artifact id: 'd974ae08d69e67ff628ffb9b5cb63ff3') in 0.058849 seconds 
========================================================================
Received Import Request.
  Time since last request: 0.000029 seconds.
  path: Assets/ModernGunEffects/Effects/Misc/smokeLight.prefab
  artifactKey: Guid(9bd64e3a717ea844285c8201f91dacfe) Importer(815301076,1909f56bfc062723c751e8b465ee728b)
Start importing Assets/ModernGunEffects/Effects/Misc/smokeLight.prefab using Guid(9bd64e3a717ea844285c8201f91dacfe) Importer(815301076,1909f56bfc062723c751e8b465ee728b)  -> (artifact id: 'f5e3120f6919ee0867149ea6ae79e3d8') in 0.030082 seconds 
========================================================================
Received Import Request.
  Time since last request: 0.000049 seconds.
  path: Assets/ModernGunEffects/Effects/Misc/smokeDense.prefab
  artifactKey: Guid(755fa3a296d1f9e4b8f4deafdea49f4c) Importer(815301076,1909f56bfc062723c751e8b465ee728b)
Start importing Assets/ModernGunEffects/Effects/Misc/smokeDense.prefab using Guid(755fa3a296d1f9e4b8f4deafdea49f4c) Importer(815301076,1909f56bfc062723c751e8b465ee728b)  -> (artifact id: '01771049a59701735df5ec26ea7eb80c') in 0.065306 seconds 
========================================================================
Received Import Request.
  Time since last request: 0.000139 seconds.
  path: Assets/ModernGunEffects/Effects/Misc/rocket.prefab
  artifactKey: Guid(074a21437c34d3042823ee6f3f0f5eb7) Importer(815301076,1909f56bfc062723c751e8b465ee728b)
Start importing Assets/ModernGunEffects/Effects/Misc/rocket.prefab using Guid(074a21437c34d3042823ee6f3f0f5eb7) Importer(815301076,1909f56bfc062723c751e8b465ee728b)  -> (artifact id: 'cbfc387fe3f1d49ba9624ead7459e20d') in 0.041401 seconds 
========================================================================
Received Import Request.
  Time since last request: 14.591727 seconds.
  path: Assets/ModernGunEffects/EffectMaterials/rocketTail.mat
  artifactKey: Guid(c69d6e533692f2b4080cafa28f99f1b3) Importer(815301076,1909f56bfc062723c751e8b465ee728b)
Start importing Assets/ModernGunEffects/EffectMaterials/rocketTail.mat using Guid(c69d6e533692f2b4080cafa28f99f1b3) Importer(815301076,1909f56bfc062723c751e8b465ee728b)  -> (artifact id: 'c22a6a5760c88155ac3f53ec71f03158') in 0.023558 seconds 
========================================================================
Received Import Request.
  Time since last request: 7.470776 seconds.
  path: Assets/ModernGunEffects/EffectMaterials/dirtySmoke2.mat
  artifactKey: Guid(e6afb5e11d22dae4688999727b198024) Importer(815301076,1909f56bfc062723c751e8b465ee728b)
Start importing Assets/ModernGunEffects/EffectMaterials/dirtySmoke2.mat using Guid(e6afb5e11d22dae4688999727b198024) Importer(815301076,1909f56bfc062723c751e8b465ee728b)  -> (artifact id: 'c3a29e41c19d62a94b600fd3979d5cf0') in 0.019658 seconds 
========================================================================
Received Import Request.
  Time since last request: 0.177973 seconds.
  path: Assets/ModernGunEffects/Effects/Misc/smokeDense.prefab
  artifactKey: Guid(755fa3a296d1f9e4b8f4deafdea49f4c) Importer(815301076,1909f56bfc062723c751e8b465ee728b)
Start importing Assets/ModernGunEffects/Effects/Misc/smokeDense.prefab using Guid(755fa3a296d1f9e4b8f4deafdea49f4c) Importer(815301076,1909f56bfc062723c751e8b465ee728b)  -> (artifact id: 'a152ac084d9f899e82785251e8a272af') in 0.020409 seconds 
========================================================================
Received Import Request.
  Time since last request: 1.058979 seconds.
  path: Assets/ModernGunEffects/Effects/Misc/smokeLight.prefab
  artifactKey: Guid(9bd64e3a717ea844285c8201f91dacfe) Importer(815301076,1909f56bfc062723c751e8b465ee728b)
Start importing Assets/ModernGunEffects/Effects/Misc/smokeLight.prefab using Guid(9bd64e3a717ea844285c8201f91dacfe) Importer(815301076,1909f56bfc062723c751e8b465ee728b)  -> (artifact id: 'b2ac215ff96d2d2cc5a610bdbdacc2f7') in 0.018952 seconds 
========================================================================
Received Import Request.
  Time since last request: 5.964404 seconds.
  path: Assets/ModernGunEffects/Effects/MuzzleFire/Single/PistolMuzzleFire.prefab
  artifactKey: Guid(5b3b6337d372a444e82d7da3a83990dd) Importer(815301076,1909f56bfc062723c751e8b465ee728b)
Start importing Assets/ModernGunEffects/Effects/MuzzleFire/Single/PistolMuzzleFire.prefab using Guid(5b3b6337d372a444e82d7da3a83990dd) Importer(815301076,1909f56bfc062723c751e8b465ee728b)  -> (artifact id: '4955c266e402c3534081f24cbd72ec5a') in 0.038793 seconds 
========================================================================
Received Import Request.
  Time since last request: 0.000025 seconds.
  path: Assets/ModernGunEffects/Effects/MuzzleFire/Single/SniperMuzzleFire.prefab
  artifactKey: Guid(14ca6e2b0a551be4c8071e897143d088) Importer(815301076,1909f56bfc062723c751e8b465ee728b)
Start importing Assets/ModernGunEffects/Effects/MuzzleFire/Single/SniperMuzzleFire.prefab using Guid(14ca6e2b0a551be4c8071e897143d088) Importer(815301076,1909f56bfc062723c751e8b465ee728b)  -> (artifact id: 'cff6e0414f013b87926fef490a94634e') in 0.031540 seconds 
========================================================================
Received Import Request.
  Time since last request: 0.000036 seconds.
  path: Assets/ModernGunEffects/Effects/MuzzleFire/Single/SparkyMuzzleFire.prefab
  artifactKey: Guid(384150f122550bc4cb80c3b0775762e9) Importer(815301076,1909f56bfc062723c751e8b465ee728b)
Start importing Assets/ModernGunEffects/Effects/MuzzleFire/Single/SparkyMuzzleFire.prefab using Guid(384150f122550bc4cb80c3b0775762e9) Importer(815301076,1909f56bfc062723c751e8b465ee728b)  -> (artifact id: 'd3442cbd10ff74dfdd7d5f5164f5910f') in 0.031095 seconds 
========================================================================
Received Import Request.
  Time since last request: 0.000024 seconds.
  path: Assets/ModernGunEffects/Effects/MuzzleFire/Single/SmokyMuzzleFire.prefab
  artifactKey: Guid(a1beb572840c0ac4e8df9b759c9e6ae4) Importer(815301076,1909f56bfc062723c751e8b465ee728b)
Start importing Assets/ModernGunEffects/Effects/MuzzleFire/Single/SmokyMuzzleFire.prefab using Guid(a1beb572840c0ac4e8df9b759c9e6ae4) Importer(815301076,1909f56bfc062723c751e8b465ee728b)  -> (artifact id: 'e4242663c1a803f8824910b33c3736b6') in 0.029576 seconds 
========================================================================
Received Import Request.
  Time since last request: 9.665291 seconds.
  path: Assets/ModernGunEffects/EffectMaterials/detailSmoke.png
  artifactKey: Guid(48b39a4167cea524f96132bdbec23c48) Importer(815301076,1909f56bfc062723c751e8b465ee728b)
Start importing Assets/ModernGunEffects/EffectMaterials/detailSmoke.png using Guid(48b39a4167cea524f96132bdbec23c48) Importer(815301076,1909f56bfc062723c751e8b465ee728b)  -> (artifact id: 'd797632bde2fa89fba47673b3b254959') in 0.025991 seconds 
========================================================================
Received Import Request.
  Time since last request: 0.000028 seconds.
  path: Assets/ModernGunEffects/EffectMaterials/dirtySmoke.png
  artifactKey: Guid(4bfe34f1a5d0fab43a57d1768659c43b) Importer(815301076,1909f56bfc062723c751e8b465ee728b)
Start importing Assets/ModernGunEffects/EffectMaterials/dirtySmoke.png using Guid(4bfe34f1a5d0fab43a57d1768659c43b) Importer(815301076,1909f56bfc062723c751e8b465ee728b)  -> (artifact id: '27b7d8052be871c809aabd5f9784c48c') in 0.018336 seconds 
========================================================================
Received Import Request.
  Time since last request: 0.000035 seconds.
  path: Assets/ModernGunEffects/EffectMaterials/dirtySmoke.mat
  artifactKey: Guid(354e2c40b5e799344a9ee9e2ff092fbf) Importer(815301076,1909f56bfc062723c751e8b465ee728b)
Start importing Assets/ModernGunEffects/EffectMaterials/dirtySmoke.mat using Guid(354e2c40b5e799344a9ee9e2ff092fbf) Importer(815301076,1909f56bfc062723c751e8b465ee728b)  -> (artifact id: '101a8a559fbe707bc8e19acfcc8613fb') in 0.024232 seconds 
========================================================================
Received Import Request.
  Time since last request: 0.000040 seconds.
  path: Assets/ModernGunEffects/EffectMaterials/flash.png
  artifactKey: Guid(c76d202414f6d3944babd48692ed3650) Importer(815301076,1909f56bfc062723c751e8b465ee728b)
Start importing Assets/ModernGunEffects/EffectMaterials/flash.png using Guid(c76d202414f6d3944babd48692ed3650) Importer(815301076,1909f56bfc062723c751e8b465ee728b)  -> (artifact id: '3a19c13bbcee843fcaefccd20da440be') in 0.024638 seconds 
========================================================================
Received Import Request.
  Time since last request: 0.000027 seconds.
  path: Assets/ModernGunEffects/EffectMaterials/muzzlefire.png
  artifactKey: Guid(01ecde4ff4cf97041855288a2007cd4c) Importer(815301076,1909f56bfc062723c751e8b465ee728b)
Start importing Assets/ModernGunEffects/EffectMaterials/muzzlefire.png using Guid(01ecde4ff4cf97041855288a2007cd4c) Importer(815301076,1909f56bfc062723c751e8b465ee728b)  -> (artifact id: 'e92e25912fce6b4769b85d2b6987f033') in 0.180245 seconds 
========================================================================
Received Import Request.
  Time since last request: 0.000030 seconds.
  path: Assets/ModernGunEffects/EffectMaterials/metalImpactAdd.mat
  artifactKey: Guid(7ca1ac4ef0fa58c4583279355a5cc048) Importer(815301076,1909f56bfc062723c751e8b465ee728b)
Start importing Assets/ModernGunEffects/EffectMaterials/metalImpactAdd.mat using Guid(7ca1ac4ef0fa58c4583279355a5cc048) Importer(815301076,1909f56bfc062723c751e8b465ee728b)  -> (artifact id: 'd908bdd7111a1fc552575ad15aa39f61') in 0.030006 seconds 
========================================================================
Received Import Request.
  Time since last request: 0.000029 seconds.
  path: Assets/ModernGunEffects/EffectMaterials/MuzzlefireSnipe.png
  artifactKey: Guid(151de4ced308148488efd15b7eb34507) Importer(815301076,1909f56bfc062723c751e8b465ee728b)
Start importing Assets/ModernGunEffects/EffectMaterials/MuzzlefireSnipe.png using Guid(151de4ced308148488efd15b7eb34507) Importer(815301076,1909f56bfc062723c751e8b465ee728b)  -> (artifact id: '85e3f0d0d939b42ad36c0a9170624da0') in 0.019233 seconds 
========================================================================
Received Import Request.
  Time since last request: 0.000024 seconds.
  path: Assets/ModernGunEffects/EffectMaterials/dirtySmoke2.png
  artifactKey: Guid(f7b999a26cc2dd34c93a1e2d9b87f567) Importer(815301076,1909f56bfc062723c751e8b465ee728b)
Start importing Assets/ModernGunEffects/EffectMaterials/dirtySmoke2.png using Guid(f7b999a26cc2dd34c93a1e2d9b87f567) Importer(815301076,1909f56bfc062723c751e8b465ee728b)  -> (artifact id: 'f91bb2f734ece90735ed6ee7d3a7eb34') in 0.018643 seconds 
========================================================================
Received Import Request.
  Time since last request: 0.000027 seconds.
  path: Assets/ModernGunEffects/EffectMaterials/metalImpactPlaneTex.png
  artifactKey: Guid(7c615790918f0874abea2f74f232c0d8) Importer(815301076,1909f56bfc062723c751e8b465ee728b)
Start importing Assets/ModernGunEffects/EffectMaterials/metalImpactPlaneTex.png using Guid(7c615790918f0874abea2f74f232c0d8) Importer(815301076,1909f56bfc062723c751e8b465ee728b)  -> (artifact id: '7e6828efad52e53e7e69312da682bdea') in 0.022521 seconds 
========================================================================
Received Import Request.
  Time since last request: 0.000037 seconds.
  path: Assets/ModernGunEffects/EffectMaterials/detailSmoke3Add.mat
  artifactKey: Guid(6932adef49b94f9419aa10dce99bc5f2) Importer(815301076,1909f56bfc062723c751e8b465ee728b)
Start importing Assets/ModernGunEffects/EffectMaterials/detailSmoke3Add.mat using Guid(6932adef49b94f9419aa10dce99bc5f2) Importer(815301076,1909f56bfc062723c751e8b465ee728b)  -> (artifact id: '2a7bf6cc0c3e79c995edd62f52f8d274') in 0.020632 seconds 
========================================================================
Received Import Request.
  Time since last request: 0.000027 seconds.
  path: Assets/ModernGunEffects/EffectMaterials/dirtySmokeAdd.mat
  artifactKey: Guid(ece827987b9126a4fb7c90cb7cd284de) Importer(815301076,1909f56bfc062723c751e8b465ee728b)
Start importing Assets/ModernGunEffects/EffectMaterials/dirtySmokeAdd.mat using Guid(ece827987b9126a4fb7c90cb7cd284de) Importer(815301076,1909f56bfc062723c751e8b465ee728b)  -> (artifact id: 'e4991415c466fad83a4cb6ea4cbe383b') in 0.019584 seconds 
========================================================================
Received Import Request.
  Time since last request: 0.000035 seconds.
  path: Assets/ModernGunEffects/EffectMaterials/detailSmoke3Mul.mat
  artifactKey: Guid(e30b1748179adc344bd63c77e8c82e01) Importer(815301076,1909f56bfc062723c751e8b465ee728b)
Start importing Assets/ModernGunEffects/EffectMaterials/detailSmoke3Mul.mat using Guid(e30b1748179adc344bd63c77e8c82e01) Importer(815301076,1909f56bfc062723c751e8b465ee728b)  -> (artifact id: '4e930650643c11aee15b7aeb360952ec') in 0.020155 seconds 
========================================================================
Received Import Request.
  Time since last request: 0.000026 seconds.
  path: Assets/ModernGunEffects/EffectMaterials/muzzlefireSnipe.mat
  artifactKey: Guid(4c84582f5d5e68f488ec4a874bea57c8) Importer(815301076,1909f56bfc062723c751e8b465ee728b)
Start importing Assets/ModernGunEffects/EffectMaterials/muzzlefireSnipe.mat using Guid(4c84582f5d5e68f488ec4a874bea57c8) Importer(815301076,1909f56bfc062723c751e8b465ee728b)  -> (artifact id: '4f1a5f82ea13db1316ca65d6c07976fc') in 0.019258 seconds 
========================================================================
Received Import Request.
  Time since last request: 0.000024 seconds.
  path: Assets/ModernGunEffects/EffectMaterials/muzzlefire.mat
  artifactKey: Guid(080dcc3899515794e84c375b789fd11f) Importer(815301076,1909f56bfc062723c751e8b465ee728b)
Start importing Assets/ModernGunEffects/EffectMaterials/muzzlefire.mat using Guid(080dcc3899515794e84c375b789fd11f) Importer(815301076,1909f56bfc062723c751e8b465ee728b)  -> (artifact id: 'c3dbe21a3af953d3057a14006618c014') in 0.021148 seconds 
========================================================================
Received Import Request.
  Time since last request: 0.000042 seconds.
  path: Assets/ModernGunEffects/EffectMaterials/groundImpact.mat
  artifactKey: Guid(4c40394fd9224b84491dd1530389c20a) Importer(815301076,1909f56bfc062723c751e8b465ee728b)
Start importing Assets/ModernGunEffects/EffectMaterials/groundImpact.mat using Guid(4c40394fd9224b84491dd1530389c20a) Importer(815301076,1909f56bfc062723c751e8b465ee728b)  -> (artifact id: '7a222c761e2a885d9207035a1351f525') in 0.018614 seconds 
========================================================================
Received Import Request.
  Time since last request: 0.000047 seconds.
  path: Assets/ModernGunEffects/EffectMaterials/metalImpact.mat
  artifactKey: Guid(463d4abe1de3319479dfa8455f479f3f) Importer(815301076,1909f56bfc062723c751e8b465ee728b)
Start importing Assets/ModernGunEffects/EffectMaterials/metalImpact.mat using Guid(463d4abe1de3319479dfa8455f479f3f) Importer(815301076,1909f56bfc062723c751e8b465ee728b)  -> (artifact id: 'a91e5fd75f47b027d7af8d259b78738d') in 0.021995 seconds 
========================================================================
Received Import Request.
  Time since last request: 0.000025 seconds.
  path: Assets/ModernGunEffects/EffectMaterials/groundImpactPlaneTex.png
  artifactKey: Guid(415409c628728824bafaf3e68d674507) Importer(815301076,1909f56bfc062723c751e8b465ee728b)
Start importing Assets/ModernGunEffects/EffectMaterials/groundImpactPlaneTex.png using Guid(415409c628728824bafaf3e68d674507) Importer(815301076,1909f56bfc062723c751e8b465ee728b)  -> (artifact id: 'f687f2a80be77da4ef83750abc43ca91') in 0.018125 seconds 
========================================================================
Received Import Request.
  Time since last request: 0.000023 seconds.
  path: Assets/ModernGunEffects/EffectMaterials/rocketTail.png
  artifactKey: Guid(a90653ce289310b43bc0b83a54622fe7) Importer(815301076,1909f56bfc062723c751e8b465ee728b)
Start importing Assets/ModernGunEffects/EffectMaterials/rocketTail.png using Guid(a90653ce289310b43bc0b83a54622fe7) Importer(815301076,1909f56bfc062723c751e8b465ee728b)  -> (artifact id: 'de71a62acba0f2bfb591d33d9e29fbc1') in 0.022673 seconds 
========================================================================
Received Import Request.
  Time since last request: 2.388762 seconds.
  path: Assets/ModernGunEffects/EffectMaterials/shortMuzzleFires.mat
  artifactKey: Guid(d888aeac73aa8b94db1496c3c32b81b7) Importer(815301076,1909f56bfc062723c751e8b465ee728b)
Start importing Assets/ModernGunEffects/EffectMaterials/shortMuzzleFires.mat using Guid(d888aeac73aa8b94db1496c3c32b81b7) Importer(815301076,1909f56bfc062723c751e8b465ee728b)  -> (artifact id: 'ac9ffe5b89b7f1134787132c53ee60c6') in 0.023740 seconds 
========================================================================
Received Import Request.
  Time since last request: 0.000023 seconds.
  path: Assets/ModernGunEffects/EffectMaterials/shortMuzzleFires.png
  artifactKey: Guid(b4411b33f50dfe54ea842de86aa581fc) Importer(815301076,1909f56bfc062723c751e8b465ee728b)
Start importing Assets/ModernGunEffects/EffectMaterials/shortMuzzleFires.png using Guid(b4411b33f50dfe54ea842de86aa581fc) Importer(815301076,1909f56bfc062723c751e8b465ee728b)  -> (artifact id: 'c10e516bf3205488057914b8dd942bd2') in 0.018305 seconds 
========================================================================
Received Import Request.
  Time since last request: 0.304753 seconds.
  path: Assets/ModernGunEffects/EffectMaterials/simpleTrail.mat
  artifactKey: Guid(80596099cfb4de140b91b2fb4d2628f3) Importer(815301076,1909f56bfc062723c751e8b465ee728b)
Start importing Assets/ModernGunEffects/EffectMaterials/simpleTrail.mat using Guid(80596099cfb4de140b91b2fb4d2628f3) Importer(815301076,1909f56bfc062723c751e8b465ee728b)  -> (artifact id: '4d2117e4f19dc6fee1e511fbdf472eb6') in 0.024524 seconds 
========================================================================
Received Import Request.
  Time since last request: 0.000023 seconds.
  path: Assets/ModernGunEffects/EffectMaterials/singleFlame.mat
  artifactKey: Guid(00522c0617244c948a14855e9246a159) Importer(815301076,1909f56bfc062723c751e8b465ee728b)
Start importing Assets/ModernGunEffects/EffectMaterials/singleFlame.mat using Guid(00522c0617244c948a14855e9246a159) Importer(815301076,1909f56bfc062723c751e8b465ee728b)  -> (artifact id: '53255a9b238f5087d97e1d161f219814') in 0.032137 seconds 
========================================================================
Received Import Request.
  Time since last request: 0.000067 seconds.
  path: Assets/ModernGunEffects/EffectMaterials/singleFlame.png
  artifactKey: Guid(9af43d2750118724a8121a7bd329b956) Importer(815301076,1909f56bfc062723c751e8b465ee728b)
Start importing Assets/ModernGunEffects/EffectMaterials/singleFlame.png using Guid(9af43d2750118724a8121a7bd329b956) Importer(815301076,1909f56bfc062723c751e8b465ee728b)  -> (artifact id: '2b295e2131df3e1fa8f66fc428dee858') in 0.017025 seconds 
========================================================================
Received Import Request.
  Time since last request: 0.000054 seconds.
  path: Assets/ModernGunEffects/EffectMaterials/singleSpark.mat
  artifactKey: Guid(aa5b24a8f889fcf4fb74a260d751204e) Importer(815301076,1909f56bfc062723c751e8b465ee728b)
Start importing Assets/ModernGunEffects/EffectMaterials/singleSpark.mat using Guid(aa5b24a8f889fcf4fb74a260d751204e) Importer(815301076,1909f56bfc062723c751e8b465ee728b)  -> (artifact id: '9ea1bf4497cf945ea556359af245d12c') in 0.022717 seconds 
========================================================================
Received Import Request.
  Time since last request: 0.000022 seconds.
  path: Assets/ModernGunEffects/EffectMaterials/simpleTrail.png
  artifactKey: Guid(a9481f7485504e743b07d96b224b73bb) Importer(815301076,1909f56bfc062723c751e8b465ee728b)
Start importing Assets/ModernGunEffects/EffectMaterials/simpleTrail.png using Guid(a9481f7485504e743b07d96b224b73bb) Importer(815301076,1909f56bfc062723c751e8b465ee728b)  -> (artifact id: '9c6acbf5651ef562ee1f13bedd59ff9e') in 0.016563 seconds 
========================================================================
Received Import Request.
  Time since last request: 0.000025 seconds.
  path: Assets/ModernGunEffects/EffectMaterials/simpleTrailAdd.mat
  artifactKey: Guid(6a65471461894df4cad0f37757cba41b) Importer(815301076,1909f56bfc062723c751e8b465ee728b)
Start importing Assets/ModernGunEffects/EffectMaterials/simpleTrailAdd.mat using Guid(6a65471461894df4cad0f37757cba41b) Importer(815301076,1909f56bfc062723c751e8b465ee728b)  -> (artifact id: 'e9dd14457549de0ecf4725e5f2abbda5') in 0.020779 seconds 
========================================================================
Received Import Request.
  Time since last request: 0.195572 seconds.
  path: Assets/ModernGunEffects/EffectMaterials/singleSpark.png
  artifactKey: Guid(5b528d2ba14bcfb4e915ced8d2836015) Importer(815301076,1909f56bfc062723c751e8b465ee728b)
Start importing Assets/ModernGunEffects/EffectMaterials/singleSpark.png using Guid(5b528d2ba14bcfb4e915ced8d2836015) Importer(815301076,1909f56bfc062723c751e8b465ee728b)  -> (artifact id: '9445d8406ca309275acad6f32c090470') in 0.036515 seconds 
========================================================================
Received Import Request.
  Time since last request: 0.000026 seconds.
  path: Assets/ModernGunEffects/EffectMaterials/singleStone.mat
  artifactKey: Guid(bc5dd5102c9e2a04bafe3f1f3a1a4ac2) Importer(815301076,1909f56bfc062723c751e8b465ee728b)
Start importing Assets/ModernGunEffects/EffectMaterials/singleStone.mat using Guid(bc5dd5102c9e2a04bafe3f1f3a1a4ac2) Importer(815301076,1909f56bfc062723c751e8b465ee728b)  -> (artifact id: 'f16e5713eba38fbb3319461a3ac8b957') in 0.062972 seconds 
========================================================================
Received Import Request.
  Time since last request: 0.000036 seconds.
  path: Assets/ModernGunEffects/EffectMaterials/singleStone.png
  artifactKey: Guid(24e58506fc4e6094a89f83d9b60d20be) Importer(815301076,1909f56bfc062723c751e8b465ee728b)
Start importing Assets/ModernGunEffects/EffectMaterials/singleStone.png using Guid(24e58506fc4e6094a89f83d9b60d20be) Importer(815301076,1909f56bfc062723c751e8b465ee728b)  -> (artifact id: '6e0f675ee5f1a325f17514a2303866f5') in 0.098840 seconds 
========================================================================
Received Import Request.
  Time since last request: 0.000039 seconds.
  path: Assets/ModernGunEffects/EffectMaterials/smallSharpPoint.png
  artifactKey: Guid(fcb9823ab20d5814da958b29cccaff31) Importer(815301076,1909f56bfc062723c751e8b465ee728b)
Start importing Assets/ModernGunEffects/EffectMaterials/smallSharpPoint.png using Guid(fcb9823ab20d5814da958b29cccaff31) Importer(815301076,1909f56bfc062723c751e8b465ee728b)  -> (artifact id: '6f8d44a19916011b4d3dd9d9feb6f7dc') in 0.081430 seconds 
========================================================================
Received Import Request.
  Time since last request: 0.000039 seconds.
  path: Assets/ModernGunEffects/EffectMaterials/smallSharpPoint.mat
  artifactKey: Guid(33d928956dc31254dba70d0d57f7b10f) Importer(815301076,1909f56bfc062723c751e8b465ee728b)
Start importing Assets/ModernGunEffects/EffectMaterials/smallSharpPoint.mat using Guid(33d928956dc31254dba70d0d57f7b10f) Importer(815301076,1909f56bfc062723c751e8b465ee728b)  -> (artifact id: '38fa3940b69913439041ff97c0b9920a') in 0.019517 seconds 
========================================================================
Received Import Request.
  Time since last request: 0.000041 seconds.
  path: Assets/ModernGunEffects/EffectMaterials/smokeImpact.mat
  artifactKey: Guid(c2dedec347871844e975142b5b4f359b) Importer(815301076,1909f56bfc062723c751e8b465ee728b)
Start importing Assets/ModernGunEffects/EffectMaterials/smokeImpact.mat using Guid(c2dedec347871844e975142b5b4f359b) Importer(815301076,1909f56bfc062723c751e8b465ee728b)  -> (artifact id: 'eeeb7bb7ff9d363d7f615914f681413a') in 0.020316 seconds 
========================================================================
Received Import Request.
  Time since last request: 0.000037 seconds.
  path: Assets/ModernGunEffects/EffectMaterials/smokeImpact.png
  artifactKey: Guid(35f279f9bb2f2a34084cabf7b21e9eb9) Importer(815301076,1909f56bfc062723c751e8b465ee728b)
Start importing Assets/ModernGunEffects/EffectMaterials/smokeImpact.png using Guid(35f279f9bb2f2a34084cabf7b21e9eb9) Importer(815301076,1909f56bfc062723c751e8b465ee728b)  -> (artifact id: '2ea856fadafe1034d628a0a90be88aa9') in 0.019069 seconds 
========================================================================
Received Import Request.
  Time since last request: 0.000027 seconds.
  path: Assets/ModernGunEffects/EffectMaterials/sparkyMuzzleFire.mat
  artifactKey: Guid(ef0cd71ba85fa574899b3817fd83b22b) Importer(815301076,1909f56bfc062723c751e8b465ee728b)
Start importing Assets/ModernGunEffects/EffectMaterials/sparkyMuzzleFire.mat using Guid(ef0cd71ba85fa574899b3817fd83b22b) Importer(815301076,1909f56bfc062723c751e8b465ee728b)  -> (artifact id: '01b4ccd46085856b4b1a0d75713c4bc4') in 0.021417 seconds 
========================================================================
Received Import Request.
  Time since last request: 0.000027 seconds.
  path: Assets/ModernGunEffects/EffectMaterials/smokyShockwave.png
  artifactKey: Guid(a51fd4312940e0447b61d30abd30e0a3) Importer(815301076,1909f56bfc062723c751e8b465ee728b)
Start importing Assets/ModernGunEffects/EffectMaterials/smokyShockwave.png using Guid(a51fd4312940e0447b61d30abd30e0a3) Importer(815301076,1909f56bfc062723c751e8b465ee728b)  -> (artifact id: 'f0adf301a70678ab90b20ce632a48d26') in 0.019773 seconds 
========================================================================
Received Import Request.
  Time since last request: 0.000128 seconds.
  path: Assets/ModernGunEffects/EffectMaterials/smokyShockwave.mat
  artifactKey: Guid(710de5141398fa94fbfdf64db6666080) Importer(815301076,1909f56bfc062723c751e8b465ee728b)
Start importing Assets/ModernGunEffects/EffectMaterials/smokyShockwave.mat using Guid(710de5141398fa94fbfdf64db6666080) Importer(815301076,1909f56bfc062723c751e8b465ee728b)  -> (artifact id: '2b08ec109d924b8c01b9821a182999a9') in 0.019328 seconds 
========================================================================
Received Import Request.
  Time since last request: 0.239889 seconds.
  path: Assets/ModernGunEffects/EffectMaterials/sparkyMuzzleFires.png
  artifactKey: Guid(c54cf70f8099aa94f97245a894ae9159) Importer(815301076,1909f56bfc062723c751e8b465ee728b)
Start importing Assets/ModernGunEffects/EffectMaterials/sparkyMuzzleFires.png using Guid(c54cf70f8099aa94f97245a894ae9159) Importer(815301076,1909f56bfc062723c751e8b465ee728b)  -> (artifact id: '8b849cfaea8a2656e762216718acd5fd') in 0.031501 seconds 
========================================================================
Received Import Request.
  Time since last request: 0.000094 seconds.
  path: Assets/ModernGunEffects/EffectMaterials/upBlackSmokeDetail.mat
  artifactKey: Guid(75a52ebf35935f74d83779fd9dc8e1bb) Importer(815301076,1909f56bfc062723c751e8b465ee728b)
Start importing Assets/ModernGunEffects/EffectMaterials/upBlackSmokeDetail.mat using Guid(75a52ebf35935f74d83779fd9dc8e1bb) Importer(815301076,1909f56bfc062723c751e8b465ee728b)  -> (artifact id: '6df91e3995b4561aeb4bad6a0851e9ef') in 0.018471 seconds 
========================================================================
Received Import Request.
  Time since last request: 0.000076 seconds.
  path: Assets/ModernGunEffects/EffectMaterials/upWhiteSmokeDetail.mat
  artifactKey: Guid(ece1a25810a38ae4ba70c3e1faa493ab) Importer(815301076,1909f56bfc062723c751e8b465ee728b)
Start importing Assets/ModernGunEffects/EffectMaterials/upWhiteSmokeDetail.mat using Guid(ece1a25810a38ae4ba70c3e1faa493ab) Importer(815301076,1909f56bfc062723c751e8b465ee728b)  -> (artifact id: '9584d7b5b7a77bd31107f8d190d963ec') in 0.020996 seconds 
========================================================================
Received Import Request.
  Time since last request: 0.000331 seconds.
  path: Assets/ModernGunEffects/EffectMaterials/upBlackSmokeDetail.png
  artifactKey: Guid(da6ca5769f1534b4694131b16495b60a) Importer(815301076,1909f56bfc062723c751e8b465ee728b)
Start importing Assets/ModernGunEffects/EffectMaterials/upBlackSmokeDetail.png using Guid(da6ca5769f1534b4694131b16495b60a) Importer(815301076,1909f56bfc062723c751e8b465ee728b)  -> (artifact id: '0724eb2d8e44f42af9922e216be65383') in 0.016131 seconds 
========================================================================
Received Import Request.
  Time since last request: 0.299983 seconds.
  path: Assets/ModernGunEffects/EffectMaterials/upWhiteSmokeDetail.png
  artifactKey: Guid(e818dd3babada8a41abb9ea80c2b04af) Importer(815301076,1909f56bfc062723c751e8b465ee728b)
Start importing Assets/ModernGunEffects/EffectMaterials/upWhiteSmokeDetail.png using Guid(e818dd3babada8a41abb9ea80c2b04af) Importer(815301076,1909f56bfc062723c751e8b465ee728b)  -> (artifact id: '46c1ff1d24d06391bb412105c08b6176') in 0.024491 seconds 
========================================================================
Received Import Request.
  Time since last request: 0.000023 seconds.
  path: Assets/ModernGunEffects/EffectMaterials/woodSplinters.mat
  artifactKey: Guid(52fb4fbb451d4cd44b435d3cd6299f4c) Importer(815301076,1909f56bfc062723c751e8b465ee728b)
Start importing Assets/ModernGunEffects/EffectMaterials/woodSplinters.mat using Guid(52fb4fbb451d4cd44b435d3cd6299f4c) Importer(815301076,1909f56bfc062723c751e8b465ee728b)  -> (artifact id: '0599cd48a9fbfeb1a5543acac66f72c9') in 0.022949 seconds 
========================================================================
Received Import Request.
  Time since last request: 0.000023 seconds.
  path: Assets/ModernGunEffects/EffectMaterials/woodSplinters.png
  artifactKey: Guid(5c95d2d6d70000c469311f406816557e) Importer(815301076,1909f56bfc062723c751e8b465ee728b)
Start importing Assets/ModernGunEffects/EffectMaterials/woodSplinters.png using Guid(5c95d2d6d70000c469311f406816557e) Importer(815301076,1909f56bfc062723c751e8b465ee728b)  -> (artifact id: '567676d9017efb7af51b1347e798867c') in 0.015319 seconds 
========================================================================
Received Import Request.
  Time since last request: 2.060288 seconds.
  path: Assets/ModernGunEffects/Misc/concrete.mat
  artifactKey: Guid(39f3915b04e74e74da0d9e9898ffda4e) Importer(815301076,1909f56bfc062723c751e8b465ee728b)
Start importing Assets/ModernGunEffects/Misc/concrete.mat using Guid(39f3915b04e74e74da0d9e9898ffda4e) Importer(815301076,1909f56bfc062723c751e8b465ee728b)  -> (artifact id: 'd94e7550da6607cc058842a8ff76f041') in 0.025988 seconds 
========================================================================
Received Import Request.
  Time since last request: 0.000023 seconds.
  path: Assets/ModernGunEffects/Misc/woodplanks.mat
  artifactKey: Guid(7816795e9bf13f649bf5cc1cf2ffd4b6) Importer(815301076,1909f56bfc062723c751e8b465ee728b)
Start importing Assets/ModernGunEffects/Misc/woodplanks.mat using Guid(7816795e9bf13f649bf5cc1cf2ffd4b6) Importer(815301076,1909f56bfc062723c751e8b465ee728b)  -> (artifact id: 'c0dddd1247bf6e8d856470ec9b5e20d6') in 0.022942 seconds 
========================================================================
Received Import Request.
  Time since last request: 0.000040 seconds.
  path: Assets/ModernGunEffects/Misc/ConcreteBunkerDamaged0032_1_S.jpg
  artifactKey: Guid(748666ae6f25c21409f6645c21f3df0d) Importer(815301076,1909f56bfc062723c751e8b465ee728b)
Start importing Assets/ModernGunEffects/Misc/ConcreteBunkerDamaged0032_1_S.jpg using Guid(748666ae6f25c21409f6645c21f3df0d) Importer(815301076,1909f56bfc062723c751e8b465ee728b)  -> (artifact id: 'c54eb2e4f7b08b8135303c6a5318bb61') in 0.026151 seconds 
========================================================================
Received Import Request.
  Time since last request: 0.000035 seconds.
  path: Assets/ModernGunEffects/Misc/fakeMetalNormal.jpg
  artifactKey: Guid(2b9ab9619f66ca044993781be8cb07e5) Importer(815301076,1909f56bfc062723c751e8b465ee728b)
Start importing Assets/ModernGunEffects/Misc/fakeMetalNormal.jpg using Guid(2b9ab9619f66ca044993781be8cb07e5) Importer(815301076,1909f56bfc062723c751e8b465ee728b)  -> (artifact id: '798ff2c216a0378bca5bf7b61a5cf840') in 0.031046 seconds 
========================================================================
Received Import Request.
  Time since last request: 0.000029 seconds.
  path: Assets/ModernGunEffects/Misc/darkShiny.mat
  artifactKey: Guid(57db26a92583ed84a98e9b292ec06c9a) Importer(815301076,1909f56bfc062723c751e8b465ee728b)
Start importing Assets/ModernGunEffects/Misc/darkShiny.mat using Guid(57db26a92583ed84a98e9b292ec06c9a) Importer(815301076,1909f56bfc062723c751e8b465ee728b)  -> (artifact id: '001c7977235092a42aa63ab9893510ff') in 0.031743 seconds 
========================================================================
Received Import Request.
  Time since last request: 0.000043 seconds.
  path: Assets/ModernGunEffects/Misc/metal.mat
  artifactKey: Guid(7b3ac3b582b83ac44aa457b45f027dc2) Importer(815301076,1909f56bfc062723c751e8b465ee728b)
Start importing Assets/ModernGunEffects/Misc/metal.mat using Guid(7b3ac3b582b83ac44aa457b45f027dc2) Importer(815301076,1909f56bfc062723c751e8b465ee728b)  -> (artifact id: 'e281a525dbfc7054b0530531f80a4cc7') in 0.058723 seconds 
========================================================================
Received Import Request.
  Time since last request: 0.000027 seconds.
  path: Assets/ModernGunEffects/Misc/T_ScaleFigure_D.tga
  artifactKey: Guid(96ac8fa6834c93844a3d78c0a3108dcf) Importer(815301076,1909f56bfc062723c751e8b465ee728b)
Start importing Assets/ModernGunEffects/Misc/T_ScaleFigure_D.tga using Guid(96ac8fa6834c93844a3d78c0a3108dcf) Importer(815301076,1909f56bfc062723c751e8b465ee728b)  -> (artifact id: 'd2a878e899eee3f916c9fc466078d312') in 0.086422 seconds 
========================================================================
Received Import Request.
  Time since last request: 0.000077 seconds.
  path: Assets/ModernGunEffects/Misc/WoodPlanksBeamed0055_11_S.jpg
  artifactKey: Guid(79c42659b51fcd0479581002e44f2bf8) Importer(815301076,1909f56bfc062723c751e8b465ee728b)
Start importing Assets/ModernGunEffects/Misc/WoodPlanksBeamed0055_11_S.jpg using Guid(79c42659b51fcd0479581002e44f2bf8) Importer(815301076,1909f56bfc062723c751e8b465ee728b)  -> (artifact id: '9ce115e367457b4c957e9cfe2cfe3094') in 0.080983 seconds 
========================================================================
Received Import Request.
  Time since last request: 0.000029 seconds.
  path: Assets/ModernGunEffects/Misc/M_ScaleFigure.mat
  artifactKey: Guid(9ae758afc1b90a14298f4dc8d70e4329) Importer(815301076,1909f56bfc062723c751e8b465ee728b)
Start importing Assets/ModernGunEffects/Misc/M_ScaleFigure.mat using Guid(9ae758afc1b90a14298f4dc8d70e4329) Importer(815301076,1909f56bfc062723c751e8b465ee728b)  -> (artifact id: '0e0e980932d18c9de167e7c6623f1193') in 0.224263 seconds 
========================================================================
Received Import Request.
  Time since last request: 0.000042 seconds.
  path: Assets/ModernGunEffects/Misc/MetalBare0100_1_S.jpg
  artifactKey: Guid(319f29f2780930a46a9ac294c8121de8) Importer(815301076,1909f56bfc062723c751e8b465ee728b)
Start importing Assets/ModernGunEffects/Misc/MetalBare0100_1_S.jpg using Guid(319f29f2780930a46a9ac294c8121de8) Importer(815301076,1909f56bfc062723c751e8b465ee728b)  -> (artifact id: 'b27c53dd5344e047a2db8249b1a495c5') in 0.020751 seconds 
========================================================================
Received Import Request.
  Time since last request: 0.000028 seconds.
  path: Assets/ModernGunEffects/Misc/New Cubemap.cubemap
  artifactKey: Guid(86662a0e0f7432c42b86bb01f5cc3e39) Importer(815301076,1909f56bfc062723c751e8b465ee728b)
Start importing Assets/ModernGunEffects/Misc/New Cubemap.cubemap using Guid(86662a0e0f7432c42b86bb01f5cc3e39) Importer(815301076,1909f56bfc062723c751e8b465ee728b)  -> (artifact id: '830012f7ae4ba07020f1ef229fbfe23c') in 0.053903 seconds 
========================================================================
Received Import Request.
  Time since last request: 0.000027 seconds.
  path: Assets/ModernGunEffects/Misc/cursor.mat
  artifactKey: Guid(82cf3dc148f75ca4380336afd029fd42) Importer(815301076,1909f56bfc062723c751e8b465ee728b)
Start importing Assets/ModernGunEffects/Misc/cursor.mat using Guid(82cf3dc148f75ca4380336afd029fd42) Importer(815301076,1909f56bfc062723c751e8b465ee728b)  -> (artifact id: 'bd2fd8bbb788844a47a784106249ef3f') in 0.131242 seconds 
========================================================================
Received Import Request.
  Time since last request: 0.000030 seconds.
  path: Assets/ModernGunEffects/Misc/dark.mat
  artifactKey: Guid(d7161301a6c2cae439018f915b91a813) Importer(815301076,1909f56bfc062723c751e8b465ee728b)
Start importing Assets/ModernGunEffects/Misc/dark.mat using Guid(d7161301a6c2cae439018f915b91a813) Importer(815301076,1909f56bfc062723c751e8b465ee728b)  -> (artifact id: 'd0c43b1d9714898d5f24993bb8da8c3a') in 0.018070 seconds 
========================================================================
Received Import Request.
  Time since last request: 0.000035 seconds.
  path: Assets/ModernGunEffects/Misc/wastelandGround.mat
  artifactKey: Guid(aa3f392d10499074a9848ffe2488945c) Importer(815301076,1909f56bfc062723c751e8b465ee728b)
Start importing Assets/ModernGunEffects/Misc/wastelandGround.mat using Guid(aa3f392d10499074a9848ffe2488945c) Importer(815301076,1909f56bfc062723c751e8b465ee728b)  -> (artifact id: '590e112813000cef0adc17f87e47e491') in 0.021603 seconds 
========================================================================
Received Import Request.
  Time since last request: 0.000024 seconds.
  path: Assets/ModernGunEffects/Misc/towerPrefab.prefab
  artifactKey: Guid(f15a7b7817f86294fb73ccd9f87c8b8d) Importer(815301076,1909f56bfc062723c751e8b465ee728b)
Start importing Assets/ModernGunEffects/Misc/towerPrefab.prefab using Guid(f15a7b7817f86294fb73ccd9f87c8b8d) Importer(815301076,1909f56bfc062723c751e8b465ee728b)  -> (artifact id: 'ed224c20ac086c69acac2831d1ed1056') in 0.355355 seconds 
========================================================================
Received Import Request.
  Time since last request: 0.000031 seconds.
  path: Assets/ModernGunEffects/Misc/SoilCracked0152_11_S.jpg
  artifactKey: Guid(cfd0fa34ea6572a49a4fa5841e1ddce0) Importer(815301076,1909f56bfc062723c751e8b465ee728b)
Start importing Assets/ModernGunEffects/Misc/SoilCracked0152_11_S.jpg using Guid(cfd0fa34ea6572a49a4fa5841e1ddce0) Importer(815301076,1909f56bfc062723c751e8b465ee728b)  -> (artifact id: 'b76d94cb7833ad8fca5678d229bcad8f') in 0.024058 seconds 
========================================================================
Received Import Request.
  Time since last request: 6.487467 seconds.
  path: Assets/ModernGunEffects/PhysicsMaterials/defaultPhysicMat.physicMaterial
  artifactKey: Guid(cfd0d344475303a4f9c2108e7f8a2113) Importer(815301076,1909f56bfc062723c751e8b465ee728b)
Start importing Assets/ModernGunEffects/PhysicsMaterials/defaultPhysicMat.physicMaterial using Guid(cfd0d344475303a4f9c2108e7f8a2113) Importer(815301076,1909f56bfc062723c751e8b465ee728b)  -> (artifact id: '7b80181bf5284a5138050c0570030898') in 0.019019 seconds 
========================================================================
Received Import Request.
  Time since last request: 6.796569 seconds.
  path: Assets/ModernGunEffects/wastelandEffects/LightmapFar-0.exr
  artifactKey: Guid(642208f2181828e4a814272d784bef14) Importer(815301076,1909f56bfc062723c751e8b465ee728b)
Start importing Assets/ModernGunEffects/wastelandEffects/LightmapFar-0.exr using Guid(642208f2181828e4a814272d784bef14) Importer(815301076,1909f56bfc062723c751e8b465ee728b)  -> (artifact id: 'f3d3c8a50a685bfbad15edd9f94169f1') in 0.060484 seconds 
========================================================================
Received Import Request.
  Time since last request: 0.000029 seconds.
  path: Assets/ModernGunEffects/wastelandEffects/LightmapNear-0.exr
  artifactKey: Guid(29e7385c8332bb244894dc89edd8fd1e) Importer(815301076,1909f56bfc062723c751e8b465ee728b)
Start importing Assets/ModernGunEffects/wastelandEffects/LightmapNear-0.exr using Guid(29e7385c8332bb244894dc89edd8fd1e) Importer(815301076,1909f56bfc062723c751e8b465ee728b)  -> (artifact id: '87fa57369d242dc22e09749fa47c4d75') in 0.028076 seconds 
========================================================================
Received Import Request.
  Time since last request: 6.127388 seconds.
  path: Assets/ModernGunEffects/Models/Materials
  artifactKey: Guid(d9d4614c3447e1044abaecf61722c7e5) Importer(815301076,1909f56bfc062723c751e8b465ee728b)
Start importing Assets/ModernGunEffects/Models/Materials using Guid(d9d4614c3447e1044abaecf61722c7e5) Importer(815301076,1909f56bfc062723c751e8b465ee728b)  -> (artifact id: 'aa299187ecf0699a939b5d1ae754dfa9') in 0.009227 seconds 
========================================================================
Received Import Request.
  Time since last request: 0.124777 seconds.
  path: Assets/ModernGunEffects/Models/Materials/MGBulletShell.mat
  artifactKey: Guid(21186a0c8ad8ac548a3a6f06bcd3f05d) Importer(815301076,1909f56bfc062723c751e8b465ee728b)
Start importing Assets/ModernGunEffects/Models/Materials/MGBulletShell.mat using Guid(21186a0c8ad8ac548a3a6f06bcd3f05d) Importer(815301076,1909f56bfc062723c751e8b465ee728b)  -> (artifact id: '056d0aec3f7b65c450d46d5609f87f67') in 0.025278 seconds 
========================================================================
Received Import Request.
  Time since last request: 0.000037 seconds.
  path: Assets/ModernGunEffects/Models/Materials/No Name.mat
  artifactKey: Guid(9c308d12329e25e4abe7b2e48203543a) Importer(815301076,1909f56bfc062723c751e8b465ee728b)
Start importing Assets/ModernGunEffects/Models/Materials/No Name.mat using Guid(9c308d12329e25e4abe7b2e48203543a) Importer(815301076,1909f56bfc062723c751e8b465ee728b)  -> (artifact id: '123d5c90647196b99a062192d281dcee') in 0.025729 seconds 
========================================================================
Received Import Request.
  Time since last request: 0.000025 seconds.
  path: Assets/ModernGunEffects/Models/Materials/pistolBulletShell.mat
  artifactKey: Guid(1e073af2f29292b42bc5e13157c930e4) Importer(815301076,1909f56bfc062723c751e8b465ee728b)
Start importing Assets/ModernGunEffects/Models/Materials/pistolBulletShell.mat using Guid(1e073af2f29292b42bc5e13157c930e4) Importer(815301076,1909f56bfc062723c751e8b465ee728b)  -> (artifact id: '35677ca156d743f00c80e3d3c5da3d78') in 0.023743 seconds 
========================================================================
Received Import Request.
  Time since last request: 0.000034 seconds.
  path: Assets/ModernGunEffects/Models/Materials/rocket.mat
  artifactKey: Guid(1af15887d7406644e88f7df78d1b0980) Importer(815301076,1909f56bfc062723c751e8b465ee728b)
Start importing Assets/ModernGunEffects/Models/Materials/rocket.mat using Guid(1af15887d7406644e88f7df78d1b0980) Importer(815301076,1909f56bfc062723c751e8b465ee728b)  -> (artifact id: '09562aecd76eb7f1140d154b68124325') in 0.023212 seconds 
========================================================================
Received Import Request.
  Time since last request: 0.000041 seconds.
  path: Assets/ModernGunEffects/Models/Materials/ShotgunBulletShell.mat
  artifactKey: Guid(f9a3f46ceedab5f49b50bb507f476b4f) Importer(815301076,1909f56bfc062723c751e8b465ee728b)
Start importing Assets/ModernGunEffects/Models/Materials/ShotgunBulletShell.mat using Guid(f9a3f46ceedab5f49b50bb507f476b4f) Importer(815301076,1909f56bfc062723c751e8b465ee728b)  -> (artifact id: '604118eda968c231da933d10cd8e4c7a') in 0.027665 seconds 
========================================================================
Received Import Request.
  Time since last request: 6933.300609 seconds.
  path: Assets/Prefab/FNC30.fbx
  artifactKey: Guid(789051345e1aaba4cbe12636008e1e72) Importer(815301076,1909f56bfc062723c751e8b465ee728b)
Start importing Assets/Prefab/FNC30.fbx using Guid(789051345e1aaba4cbe12636008e1e72) Importer(815301076,1909f56bfc062723c751e8b465ee728b)  -> (artifact id: 'b7df32e7c1ed28d5c219cce6fd91d819') in 0.077170 seconds 
========================================================================
Received Import Request.
  Time since last request: 103.228076 seconds.
  path: Assets/Prefab/storm_rail_gun.obj
  artifactKey: Guid(3512837e337d2c6499b07a1d9f794dd6) Importer(815301076,1909f56bfc062723c751e8b465ee728b)
Start importing Assets/Prefab/storm_rail_gun.obj using Guid(3512837e337d2c6499b07a1d9f794dd6) Importer(815301076,1909f56bfc062723c751e8b465ee728b)  -> (artifact id: '70d3c179059821a2b459af523b0cd079') in 0.040900 seconds 
========================================================================
Received Import Request.
  Time since last request: 61.360876 seconds.
  path: Assets/Material
  artifactKey: Guid(a76c45c74a663c04e8ba581fa7480f85) Importer(815301076,1909f56bfc062723c751e8b465ee728b)
Start importing Assets/Material using Guid(a76c45c74a663c04e8ba581fa7480f85) Importer(815301076,1909f56bfc062723c751e8b465ee728b)  -> (artifact id: '6af80f5ce1b43c0662491007820f3458') in 0.012337 seconds 
========================================================================
Received Import Request.
  Time since last request: 7.359252 seconds.
  path: Assets/Material/storm_railgun_control.tif
  artifactKey: Guid(13687022067a5f64992d0ea49b5ffab3) Importer(815301076,1909f56bfc062723c751e8b465ee728b)
Start importing Assets/Material/storm_railgun_control.tif using Guid(13687022067a5f64992d0ea49b5ffab3) Importer(815301076,1909f56bfc062723c751e8b465ee728b)  -> (artifact id: 'f12f26b24bc1a3e7d1e457b7cb4b5752') in 0.041463 seconds 
========================================================================
Received Import Request.
  Time since last request: 0.000029 seconds.
  path: Assets/Material/storm_railgun_normal.tif
  artifactKey: Guid(7fa4cdfa0118e674c943bfdb7dcf9488) Importer(815301076,1909f56bfc062723c751e8b465ee728b)
Start importing Assets/Material/storm_railgun_normal.tif using Guid(7fa4cdfa0118e674c943bfdb7dcf9488) Importer(815301076,1909f56bfc062723c751e8b465ee728b)  -> (artifact id: '2b3bd25583901d22ac74b407e99548c3') in 0.021745 seconds 
========================================================================
Received Import Request.
  Time since last request: 0.000028 seconds.
  path: Assets/Material/storm_railgun_diff.tif
  artifactKey: Guid(98ab443edd11b1a43ba41789ce6e4077) Importer(815301076,1909f56bfc062723c751e8b465ee728b)
Start importing Assets/Material/storm_railgun_diff.tif using Guid(98ab443edd11b1a43ba41789ce6e4077) Importer(815301076,1909f56bfc062723c751e8b465ee728b)  -> (artifact id: '2e0b3693822ca765c70cf2157de666c4') in 0.015285 seconds 
========================================================================
Received Import Request.
  Time since last request: 66.758545 seconds.
  path: Assets/Material/Materials/storm_railgun_diff.mat
  artifactKey: Guid(15682799ec80aa74ca180ea94735855c) Importer(815301076,1909f56bfc062723c751e8b465ee728b)
Start importing Assets/Material/Materials/storm_railgun_diff.mat using Guid(15682799ec80aa74ca180ea94735855c) Importer(815301076,1909f56bfc062723c751e8b465ee728b)  -> (artifact id: '51124996ed09a6651ee55fd05efdb7c8') in 0.023568 seconds 
========================================================================
Received Import Request.
  Time since last request: 0.000031 seconds.
  path: Assets/Material/Materials/storm_railgun_normal.mat
  artifactKey: Guid(daf027aea1851694ba3d6f65470fab3e) Importer(815301076,1909f56bfc062723c751e8b465ee728b)
Start importing Assets/Material/Materials/storm_railgun_normal.mat using Guid(daf027aea1851694ba3d6f65470fab3e) Importer(815301076,1909f56bfc062723c751e8b465ee728b)  -> (artifact id: 'c84cf300b3ef22e7b670758560b094e1') in 0.043196 seconds 
========================================================================
Received Import Request.
  Time since last request: 49.662506 seconds.
  path: Assets/Material/Materials/storm_railgun_control.mat
  artifactKey: Guid(60038869340065748b2d24395dc796e2) Importer(815301076,1909f56bfc062723c751e8b465ee728b)
Start importing Assets/Material/Materials/storm_railgun_control.mat using Guid(60038869340065748b2d24395dc796e2) Importer(815301076,1909f56bfc062723c751e8b465ee728b)  -> (artifact id: '3ff46c11d124dc954151260f96134ae1') in 0.034221 seconds 
========================================================================
Received Import Request.
  Time since last request: 157.923271 seconds.
  path: Assets/Scenes/SampleScene.unity
  artifactKey: Guid(9fc0d4010bbf28b4594072e72b8655ab) Importer(815301076,1909f56bfc062723c751e8b465ee728b)
Start importing Assets/Scenes/SampleScene.unity using Guid(9fc0d4010bbf28b4594072e72b8655ab) Importer(815301076,1909f56bfc062723c751e8b465ee728b)  -> (artifact id: 'e55ccaa32d8e5c1de03c07a5412c8c3c') in 0.018444 seconds 
========================================================================
Received Import Request.
  Time since last request: 7226.974349 seconds.
  path: Assets/Script/NewBehaviourScript.cs
  artifactKey: Guid(0ba83aeadd59c784ba1dc8e230fd3f4c) Importer(815301076,1909f56bfc062723c751e8b465ee728b)
Start importing Assets/Script/NewBehaviourScript.cs using Guid(0ba83aeadd59c784ba1dc8e230fd3f4c) Importer(815301076,1909f56bfc062723c751e8b465ee728b)  -> (artifact id: 'f3d1726bdd238d92a0ac49d395cb2b09') in 0.033183 seconds 
========================================================================
Received Prepare
Registering precompiled user dll's ...
Registered in 0.006607 seconds.
Begin MonoManager ReloadAssembly
Symbol file LoadedFromMemory doesn't match image C:\Users\SAMSUNG\Desktop\bullet\Library\PackageCache\com.unity.visualscripting@1.7.8\Editor\VisualScripting.Core\Dependencies\YamlDotNet\Unity.VisualScripting.YamlDotNet.dll
Symbol file LoadedFromMemory doesn't match image C:\Users\SAMSUNG\Desktop\bullet\Library\PackageCache\com.unity.visualscripting@1.7.8\Editor\VisualScripting.Core\Dependencies\DotNetZip\Unity.VisualScripting.IonicZip.dll
Native extension for WindowsStandalone target not found
Refreshing native plugins compatible for Editor in 1.47 ms, found 3 plugins.
Preloading 0 native plugins for Editor in 0.00 ms.
Mono: successfully reloaded assembly
- Completed reload, in  1.452 seconds
Domain Reload Profiling:
	ReloadAssembly (1454ms)
		BeginReloadAssembly (299ms)
			ExecutionOrderSort (0ms)
			DisableScriptedObjects (11ms)
			BackupInstance (0ms)
			ReleaseScriptingObjects (0ms)
			CreateAndSetChildDomain (119ms)
		EndReloadAssembly (1034ms)
			LoadAssemblies (131ms)
			RebuildTransferFunctionScriptingTraits (0ms)
			SetupTypeCache (351ms)
			ReleaseScriptCaches (1ms)
			RebuildScriptCaches (54ms)
			SetupLoadedEditorAssemblies (471ms)
				LogAssemblyErrors (0ms)
				InitializePlatformSupportModulesInManaged (15ms)
				SetLoadedEditorAssemblies (1ms)
				RefreshPlugins (2ms)
				BeforeProcessingInitializeOnLoad (116ms)
				ProcessInitializeOnLoadAttributes (295ms)
				ProcessInitializeOnLoadMethodAttributes (34ms)
				AfterProcessingInitializeOnLoad (8ms)
				EditorAssembliesLoaded (0ms)
			ExecutionOrderSort2 (0ms)
			AwakeInstancesAfterBackupRestoration (9ms)
Platform modules already initialized, skipping
Refreshing native plugins compatible for Editor in 1.82 ms, found 3 plugins.
Preloading 0 native plugins for Editor in 0.00 ms.
Unloading 3376 Unused Serialized files (Serialized files now loaded: 0)
Unloading 20 unused Assets / (80.3 KB). Loaded Objects now: 3915.
Memory consumption went from 140.9 MB to 140.8 MB.
Total: 3.863400 ms (FindLiveObjects: 0.252500 ms CreateObjectMapping: 0.141300 ms MarkObjects: 3.334500 ms  DeleteObjects: 0.134400 ms)

AssetImportParameters requested are different than current active one (requested -> active):
  custom:video-decoder-ogg-theora: a1e56fd34408186e4bbccfd4996cb3dc -> 
  custom:container-muxer-webm: aa71ff27fc2769a1b78a27578f13a17b -> 
  custom:container-demuxer-webm: 4f35f7cbe854078d1ac9338744f61a02 -> 
  custom:video-encoder-webm-vp8: eb34c28f22e8b96e1ab97ce403110664 -> 
  custom:audio-encoder-webm-vorbis: bf7c407c2cedff20999df2af8eb42d56 -> 
  custom:framework-win-MediaFoundation: 216162199b28c13a410421893ffa2e32 -> 
  custom:container-demuxer-ogg: 62fdf1f143b41e24485cea50d1cbac27 -> 
  custom:video-decoder-webm-vp8: 9c59270c3fd7afecdb556c50c9e8de78 -> 
  custom:audio-decoder-ogg-vorbis: bf7c407c2cedff20999df2af8eb42d56 -> 
